[2017-06-20 02:10:16] START
[2017-06-17 02:16:11] EDIT project47/models/db.py: 0
[2017-06-17 02:43:01] EDIT project47/models/db.py: 0
[2017-06-23 09:29:00] EDIT project47/models/db.py: 3
[2017-06-23 09:29:08] EDIT project47/models/db.py: 0
[2017-06-23 09:29:15] EDIT project47/models/db.py: 0
[2017-06-23 09:31:28] EDIT project47/models/db.py: 0
[2017-06-23 09:43:44] EDIT project47/controllers/default.py: 2
[2017-06-23 09:43:57] EDIT project47/controllers/default.py: 0
[2017-06-23 09:53:42] CREATE default/add_node.html: 0
[2017-06-23 10:01:56] EDIT project47/views/default/add_node.html: 58
[2017-06-23 10:02:13] EDIT project47/views/default/add_node.html: 0
[2017-06-23 10:03:03] EDIT project47/controllers/default.py: 4
[2017-06-23 10:03:31] EDIT project47/views/default/add_node.html: 0
[2017-06-23 10:04:30] EDIT project47/views/default/add_node.html: 0
[2017-06-23 10:16:29] EDIT project47/views/layout.html: 63
[2017-06-23 10:22:06] EDIT project47/views/layout_table.html: 2
[2017-06-23 10:32:42] EDIT project47/controllers/default.py: 6
[2017-06-23 10:33:20] EDIT project47/views/layout_table.html: 0
[2017-06-23 10:38:59] EDIT project47/views/default/add_node.html: 5
[2017-06-23 10:39:15] EDIT project47/views/default/add_node.html: 0
[2017-06-23 10:39:24] EDIT project47/views/default/add_node.html: 0
[2017-06-23 10:40:39] EDIT project47/controllers/default.py: 1
[2017-06-23 10:45:42] EDIT project47/controllers/default.py: 0
[2017-06-23 10:46:45] EDIT project47/controllers/default.py: 0
[2017-06-23 10:50:09] EDIT project47/controllers/default.py: 0
[2017-06-23 10:50:34] EDIT project47/controllers/default.py: 0
[2017-06-23 10:55:22] EDIT project47/views/default/add_node.html: 5
[2017-06-23 10:55:57] EDIT project47/controllers/default.py: 2
[2017-06-23 10:57:44] EDIT project47/views/default/add_node.html: 0
[2017-06-23 10:57:50] EDIT project47/views/default/add_node.html: 0
[2017-06-23 10:58:57] EDIT project47/controllers/default.py: 1
[2017-06-23 10:59:27] EDIT project47/controllers/default.py: 0
[2017-06-23 10:59:31] EDIT project47/controllers/default.py: 0
[2017-06-23 10:59:47] EDIT project47/views/default/add_node.html: 0
[2017-06-23 11:03:46] EDIT project47/views/layout.html: -63
[2017-06-23 11:05:14] EDIT project47/views/default/add_node.html: 3
[2017-06-23 11:05:26] EDIT project47/views/default/add_node.html: -3
[2017-06-23 11:16:06] EDIT project47/controllers/default.py: 5
[2017-06-23 11:36:34] EDIT project47/controllers/default.py: 8
[2017-06-23 11:37:04] EDIT project47/controllers/default.py: 0
[2017-06-23 11:40:51] EDIT project47/views/default/all_devices.html: -224
[2017-06-23 11:41:11] EDIT project47/views/default/all_devices.html: 0
[2017-06-23 11:41:44] EDIT project47/views/default/all_devices.html: 0
[2017-06-23 11:44:02] EDIT project47/views/default/all_devices.html: 0
[2017-06-23 11:44:36] EDIT project47/views/default/all_devices.html: 0
[2017-06-23 11:46:57] EDIT project47/controllers/default.py: 0
[2017-06-23 11:49:28] EDIT project47/views/default/all_devices.html: 0
[2017-06-23 11:51:44] EDIT project47/views/default/all_devices.html: 0
[2017-06-23 11:52:08] EDIT project47/views/default/all_devices.html: 0
[2017-06-23 11:52:34] EDIT project47/views/default/all_devices.html: 0
[2017-06-23 11:53:59] EDIT project47/views/default/all_devices.html: 0
[2017-06-23 11:54:11] EDIT project47/views/default/all_devices.html: 0
[2017-06-23 11:54:51] EDIT project47/views/default/all_devices.html: 0
[2017-06-23 11:55:36] EDIT project47/controllers/default.py: 3
[2017-06-23 11:56:30] EDIT project47/controllers/default.py: -2
[2017-06-23 11:57:11] EDIT project47/views/default/add_node.html: -14
[2017-06-23 11:58:02] EDIT project47/views/default/add_node.html: 0
[2017-06-23 12:03:16] EDIT project47/views/default/add_node.html: 14
[2017-06-23 13:58:27] EDIT project47/controllers/default.py: 0
[2017-06-23 13:59:25] EDIT project47/views/default/all_devices.html: 0
[2017-06-23 13:59:53] EDIT project47/views/default/all_devices.html: 0
[2017-06-23 14:00:28] EDIT project47/views/default/all_devices.html: 0
[2017-06-23 14:03:46] EDIT project47/views/default/all_devices.html: 0
[2017-06-23 16:02:48] EDIT project47/controllers/default.py: 0
[2017-06-23 16:04:57] EDIT project47/views/default/add_node.html: 0
[2017-06-23 16:06:54] EDIT project47/views/layout_table.html: 0
[2017-06-23 16:27:07] EDIT project47/views/layout_table.html: 0
[2017-06-23 16:27:45] EDIT project47/views/layout_table.html: 0
[2017-06-23 16:55:34] EDIT project47/controllers/default.py: 9
[2017-06-23 16:55:37] EDIT project47/views/default/data_set.html: -139
[2017-06-23 20:14:33] EDIT project47/controllers/default.py: 1
[2017-06-23 20:15:33] EDIT project47/controllers/default.py: 0
[2017-06-23 20:17:10] EDIT project47/controllers/default.py: 4
[2017-06-23 20:20:29] EDIT project47/controllers/default.py: 0
[2017-06-23 20:22:51] EDIT project47/controllers/default.py: 0
[2017-06-23 20:23:03] EDIT project47/controllers/default.py: 0
[2017-06-23 20:23:10] EDIT project47/controllers/default.py: 0
[2017-06-23 21:18:53] EDIT project47/controllers/default.py: 0
[2017-06-23 21:23:55] EDIT project47/controllers/default.py: 8
[2017-06-23 21:35:10] EDIT project47/views/default/units.html: -120
[2017-06-23 21:36:08] EDIT project47/views/default/units.html: 2
[2017-06-23 21:36:34] EDIT project47/views/default/units.html: 0
[2017-06-23 21:42:23] EDIT project47/views/default/units.html: 0
[2017-06-23 21:45:05] EDIT project47/views/default/units.html: 0
[2017-06-23 21:47:09] EDIT project47/views/default/units.html: 0
[2017-06-23 21:47:43] EDIT project47/views/default/units.html: 0
[2017-06-23 21:48:19] EDIT project47/views/default/units.html: 0
[2017-06-23 21:50:01] EDIT project47/views/default/units.html: 0
[2017-06-23 21:51:16] EDIT project47/views/default/units.html: 0
[2017-06-23 21:51:41] EDIT project47/views/default/units.html: 0
[2017-06-23 22:27:56] EDIT project47/controllers/default.py: 0
[2017-06-23 22:29:48] EDIT project47/views/default/data_set.html: 0
[2017-06-23 22:34:14] EDIT project47/controllers/default.py: 0
[2017-06-23 22:34:33] EDIT project47/controllers/default.py: 0
[2017-06-23 22:36:09] EDIT project47/controllers/default.py: 0
[2017-06-23 22:36:22] EDIT project47/controllers/default.py: 0
[2017-06-23 22:40:53] EDIT project47/controllers/default.py: 2
[2017-06-23 22:41:24] EDIT project47/views/default/units.html: 0
[2017-06-23 22:41:38] EDIT project47/controllers/default.py: 0
[2017-06-24 17:46:24] EDIT project47/views/layout_table.html: 0
[2017-06-24 18:08:26] EDIT project47/views/layout_table.html: 0
[2017-08-05 19:28:09] EDIT project47/controllers/default.py: 5
[2017-08-05 19:29:10] EDIT project47/controllers/default.py: 0
[2017-08-05 19:31:22] EDIT project47/views/default/data_set.html: 3
[2017-08-07 19:54:45] EDIT project47/controllers/default.py: 1
[2017-08-07 19:59:05] EDIT project47/controllers/default.py: 2
[2017-08-07 19:59:13] EDIT project47/controllers/default.py: 0
[2017-08-14 17:11:32] EDIT project47/models/menu.py: 1
[2017-08-14 17:11:57] EDIT project47/models/menu.py: 0
[2017-08-14 17:33:57] EDIT project47/controllers/default.py: 2
[2017-08-14 17:35:00] EDIT project47/controllers/default.py: 0
[2017-08-14 17:35:43] EDIT project47/controllers/default.py: 0
[2017-08-14 17:43:03] EDIT project47/controllers/default.py: 0
[2017-08-14 17:43:22] EDIT project47/controllers/default.py: 0
[2017-08-14 19:52:17] EDIT project47/models/db.py: 0
[2017-08-14 20:02:41] EDIT project47/controllers/default.py: 0
[2017-08-14 20:02:53] EDIT project47/controllers/default.py: 0
[2017-08-14 20:03:33] EDIT project47/controllers/default.py: 0
[2017-08-14 20:03:48] EDIT project47/controllers/default.py: 0
[2017-08-14 20:03:54] EDIT project47/controllers/default.py: 0
[2017-08-15 04:39:47] EDIT project47/controllers/default.py: 0
[2017-08-15 04:40:01] EDIT project47/controllers/default.py: 0
[2017-08-15 04:41:34] EDIT project47/controllers/default.py: 0
[2017-08-15 04:46:59] EDIT project47/models/menu.py: 5
[2017-08-15 05:00:00] EDIT project47/controllers/default.py: 0
[2017-08-15 05:02:19] EDIT project47/controllers/default.py: 0
[2017-08-15 05:26:36] EDIT project47/views/layout_table.html: 0
[2017-08-15 05:26:45] EDIT project47/views/layout_table.html: 0
[2017-08-20 14:26:25] EDIT project47/views/default/data_set.html: 0
[2017-08-20 14:28:34] EDIT project47/views/default/units.html: 1
[2017-08-20 14:28:53] EDIT project47/views/default/units.html: -1
[2017-08-20 14:30:12] EDIT project47/views/default/units.html: 1
[2017-08-20 14:30:50] EDIT project47/views/default/units.html: 0
[2017-08-20 14:31:09] EDIT project47/views/default/units.html: 0
[2017-08-20 14:31:54] EDIT project47/views/default/data_set.html: -2
[2017-08-20 14:32:09] EDIT project47/views/default/data_set.html: -1
[2017-08-20 15:13:24] EDIT project47/controllers/default.py: 0
[2017-08-20 18:49:30] EDIT project47/views/default/units.html: 2
[2017-08-20 18:50:31] EDIT project47/views/default/units.html: 0
[2017-08-20 18:53:24] EDIT project47/views/default/data_set.html: 0
[2017-08-20 18:55:01] EDIT project47/views/default/units.html: 0
[2018-01-19 14:37:04] EDIT irrigation/models/db.py: 0
[2018-01-19 16:41:45] EDIT irrigation/controllers/default.py: 6
[2018-01-19 16:42:11] CREATE default/node900.html: 0
[2018-01-19 16:42:16] CREATE default/node700.html: 0
[2018-01-19 16:42:23] CREATE default/node800.html: 0
[2018-01-19 16:58:15] EDIT irrigation/controllers/default.py: 9
[2018-01-19 16:59:26] EDIT irrigation/controllers/default.py: 0
[2018-01-19 17:02:24] EDIT irrigation/controllers/default.py: 0
[2018-01-19 17:05:36] EDIT irrigation/controllers/default.py: 0
[2018-01-19 17:06:59] EDIT irrigation/controllers/default.py: 0
[2018-01-19 17:08:35] EDIT irrigation/controllers/default.py: 0
[2018-01-19 17:09:09] EDIT irrigation/controllers/default.py: 0
[2018-01-19 17:09:59] EDIT irrigation/controllers/default.py: 0
[2018-01-19 17:12:51] EDIT irrigation/controllers/default.py: 9
[2018-01-19 17:13:25] EDIT irrigation/controllers/default.py: 0
[2018-01-19 17:21:41] EDIT irrigation/controllers/default.py: 1
[2018-01-19 17:22:54] EDIT irrigation/controllers/default.py: 1
[2018-01-19 17:23:19] EDIT irrigation/controllers/default.py: -1
[2018-01-19 17:23:21] EDIT irrigation/controllers/default.py: 0
[2018-01-19 17:24:41] EDIT irrigation/controllers/default.py: 0
[2018-01-19 17:34:09] EDIT irrigation/controllers/default.py: -1
[2018-01-19 17:35:34] EDIT irrigation/controllers/default.py: 0
[2018-01-19 17:35:36] EDIT irrigation/controllers/default.py: 0
[2018-01-19 17:36:01] EDIT irrigation/controllers/default.py: 0
[2018-01-19 17:36:31] EDIT irrigation/controllers/default.py: 0
[2018-01-19 17:40:41] EDIT irrigation/controllers/default.py: 0
[2018-01-21 10:53:59] EDIT irrigation/controllers/default.py: 0
[2018-01-21 11:00:09] EDIT irrigation/views/default/units.html: 0
[2018-01-22 21:40:15] EDIT irrigation/controllers/default.py: 0
[2018-01-22 21:46:30] EDIT irrigation/controllers/default.py: 0
[2018-01-22 22:34:04] EDIT irrigation/controllers/default.py: 0
[2018-01-22 23:31:32] EDIT irrigation/controllers/default.py: 2
[2018-01-22 23:33:19] EDIT irrigation/controllers/default.py: 2
[2018-01-23 07:32:57] EDIT irrigation/controllers/default.py: 4
[2018-01-23 07:35:36] EDIT irrigation/controllers/default.py: 4
[2018-01-23 07:40:49] EDIT irrigation/controllers/default.py: 0
[2018-01-23 07:41:31] EDIT irrigation/controllers/default.py: 0
[2018-01-23 07:41:59] EDIT irrigation/views/default/node900.html: -2
[2018-01-23 07:45:38] EDIT irrigation/controllers/default.py: 1
[2018-01-23 07:46:38] EDIT irrigation/controllers/default.py: 0
[2018-01-23 07:51:40] EDIT irrigation/controllers/default.py: 1
[2018-01-23 08:06:56] EDIT irrigation/controllers/default.py: 0
[2018-01-23 08:07:27] EDIT irrigation/controllers/default.py: -1
[2018-01-23 08:11:36] EDIT irrigation/controllers/default.py: 5
[2018-01-23 09:48:21] EDIT irrigation/controllers/default.py: 0
[2018-01-23 20:02:57] EDIT irrigation/controllers/default.py: 0
[2018-01-23 20:35:09] EDIT irrigation/controllers/default.py: 0
[2018-01-23 20:37:10] EDIT irrigation/controllers/default.py: 0
[2018-01-23 20:39:03] EDIT irrigation/controllers/default.py: 0
[2018-01-23 20:39:42] CREATE default/temp.html: 0
[2018-01-23 20:41:05] EDIT irrigation/controllers/default.py: 0
[2018-01-23 20:41:44] EDIT irrigation/controllers/default.py: 0
[2018-01-23 20:42:15] EDIT irrigation/controllers/default.py: 0
[2018-01-23 20:42:57] EDIT irrigation/controllers/default.py: -2
[2018-01-23 20:44:04] EDIT irrigation/controllers/default.py: 2
[2018-01-23 20:46:24] EDIT irrigation/controllers/default.py: 0
[2018-01-23 20:46:47] CREATE default/humidity.html: 0
[2018-01-23 20:46:55] EDIT irrigation/controllers/default.py: 0
[2018-01-23 20:49:37] EDIT irrigation/controllers/default.py: 7
[2018-01-23 20:49:59] CREATE default/mosture.html: 0
[2018-01-23 22:13:50] CREATE default/wtemp.html: 0
[2018-01-23 22:14:06] CREATE default/whumidity.html: 0
[2018-01-23 22:14:18] CREATE default/wmosture.html: 0
[2018-01-23 22:14:33] EDIT irrigation/controllers/default.py: 42
[2018-01-23 22:16:21] EDIT irrigation/controllers/default.py: 0
[2018-01-23 22:16:29] EDIT irrigation/controllers/default.py: 0
[2018-01-23 22:17:39] EDIT irrigation/controllers/default.py: 0
[2018-01-23 22:20:14] EDIT irrigation/controllers/default.py: -1
[2018-01-23 22:22:28] EDIT irrigation/controllers/default.py: -2
[2018-01-23 23:57:43] EDIT irrigation/controllers/default.py: 17
[2018-01-23 23:58:24] EDIT irrigation/controllers/default.py: 0
[2018-01-23 23:59:19] EDIT irrigation/controllers/default.py: 0
[2018-01-24 00:00:38] EDIT irrigation/controllers/default.py: 0
[2018-01-24 06:53:41] EDIT irrigation/controllers/default.py: 0
[2018-01-24 07:13:34] EDIT irrigation/controllers/default.py: 0
[2018-01-24 19:35:03] EDIT irrigation/models/db.py: 3
[2018-01-24 19:40:34] EDIT irrigation/controllers/default.py: 8
[2018-01-24 19:40:46] EDIT irrigation/controllers/default.py: 0
[2018-01-24 19:40:50] EDIT irrigation/models/db.py: 0
[2018-01-24 19:41:54] CREATE default/post_suggestion.html: 0
[2018-01-24 19:45:51] EDIT irrigation/controllers/default.py: 10
[2018-01-24 19:55:29] EDIT irrigation/views/default/post_suggestion.html: -2
[2018-01-24 21:17:26] EDIT irrigation/controllers/default.py: 3
[2018-01-24 21:17:59] EDIT irrigation/controllers/default.py: 0
[2018-01-24 21:18:46] EDIT irrigation/controllers/default.py: 0
[2018-01-25 10:28:58] EDIT irrigation/models/db.py: 3
[2018-01-25 10:29:18] EDIT irrigation/models/db.py: 0
[2018-01-25 10:34:03] EDIT irrigation/models/db.py: 1
[2018-01-25 10:35:42] EDIT irrigation/controllers/default.py: 7
[2018-01-25 10:36:31] EDIT irrigation/controllers/default.py: 0
[2018-01-25 10:47:49] EDIT irrigation/controllers/default.py: 6
[2018-01-25 11:12:20] EDIT irrigation/controllers/default.py: 12
[2018-01-25 11:14:51] EDIT irrigation/controllers/default.py: 0
[2018-01-25 11:15:20] EDIT irrigation/controllers/default.py: 0
[2018-01-25 11:16:31] EDIT irrigation/controllers/default.py: 6
[2018-01-25 11:24:58] CREATE default/post_state.html: 0
[2018-01-25 11:27:17] EDIT irrigation/views/default/post_state.html: 0
[2018-01-25 12:28:43] EDIT irrigation/controllers/default.py: 0
[2018-01-25 12:32:51] EDIT irrigation/controllers/default.py: 0
[2018-01-26 14:57:56] EDIT irrigation/controllers/default.py: 3
[2018-01-29 17:06:46] EDIT irrigation/controllers/default.py: -5
[2018-01-29 17:09:41] EDIT irrigation/controllers/default.py: 0
[2018-01-29 17:09:53] EDIT irrigation/views/default/post_suggestion.html: 15
[2018-01-29 17:10:27] EDIT irrigation/controllers/default.py: 0
[2018-01-29 17:14:32] EDIT irrigation/views/default/post_suggestion.html: 5
[2018-01-29 17:15:32] EDIT irrigation/views/default/post_suggestion.html: 1
[2018-01-29 17:17:59] EDIT irrigation/views/default/post_suggestion.html: 5
[2018-01-29 17:18:19] EDIT irrigation/views/default/post_suggestion.html: 0
[2018-01-29 17:21:35] EDIT irrigation/views/default/post_suggestion.html: 9
[2018-01-29 17:22:27] EDIT irrigation/views/default/post_suggestion.html: 0
[2018-01-29 17:24:01] EDIT irrigation/controllers/default.py: 1
[2018-01-29 17:27:12] EDIT irrigation/views/default/post_suggestion.html: 3
[2018-01-29 17:27:44] EDIT irrigation/views/default/post_suggestion.html: 0
[2018-01-29 17:36:09] EDIT irrigation/controllers/default.py: 3
[2018-01-29 17:36:32] CREATE default/chat.html: 0
[2018-01-29 17:36:58] EDIT irrigation/views/default/chat.html: -2
[2018-01-29 17:37:48] EDIT irrigation/controllers/default.py: 0
[2018-01-29 17:39:48] EDIT irrigation/views/default/post_suggestion.html: 1
[2018-01-29 17:46:56] EDIT irrigation/models/db.py: 4
[2018-01-29 17:47:47] EDIT irrigation/models/db.py: 0
[2018-01-29 17:52:48] EDIT irrigation/controllers/default.py: 3
[2018-01-29 17:56:46] EDIT irrigation/views/default/chat.html: 25
[2018-01-29 18:03:00] EDIT irrigation/controllers/default.py: 2
[2018-01-29 18:10:30] EDIT irrigation/views/default/chat.html: 18
[2018-01-29 18:10:49] EDIT irrigation/views/default/post_suggestion.html: 0
[2018-01-29 18:12:05] EDIT irrigation/controllers/default.py: 0
[2018-01-29 18:12:14] EDIT irrigation/views/default/chat.html: 2
[2018-01-29 18:15:42] EDIT irrigation/views/default/chat.html: 2
[2018-01-29 18:16:45] EDIT irrigation/views/default/chat.html: 0
[2018-01-29 18:19:24] EDIT irrigation/views/default/chat.html: 0
[2018-01-29 18:20:26] EDIT irrigation/views/default/chat.html: 0
[2018-01-29 18:35:15] EDIT irrigation/views/default/chat.html: 5
[2018-01-29 18:40:07] EDIT irrigation/views/default/chat.html: 0
[2018-01-29 18:40:45] EDIT irrigation/views/default/chat.html: 0
[2018-01-29 18:45:28] EDIT irrigation/views/default/chat.html: -2
[2018-01-29 18:47:10] EDIT irrigation/views/default/chat.html: 0
[2018-01-29 18:50:52] EDIT irrigation/views/default/chat.html: 0
[2018-01-29 18:57:38] EDIT irrigation/views/default/chat.html: 0
[2018-01-29 19:00:32] EDIT irrigation/views/default/chat.html: 0
[2018-01-29 19:01:13] EDIT irrigation/views/default/chat.html: 0
[2018-01-29 19:05:18] EDIT irrigation/views/default/chat.html: 0
[2018-01-29 19:06:22] EDIT irrigation/views/default/chat.html: 0
[2018-01-29 19:06:36] EDIT irrigation/views/default/chat.html: 0
[2018-01-29 19:13:04] EDIT irrigation/views/default/chat.html: -5
[2018-01-29 19:22:43] EDIT irrigation/views/default/chat.html: 1
[2018-01-29 19:26:30] EDIT irrigation/views/default/chat.html: 2
[2018-01-29 19:28:50] EDIT irrigation/views/default/chat.html: 2
[2018-01-29 19:33:29] EDIT irrigation/views/default/chat.html: -2
[2018-01-29 19:35:28] EDIT irrigation/views/default/chat.html: 7
[2018-01-29 19:36:49] EDIT irrigation/views/default/chat.html: -1
[2018-01-29 19:40:00] EDIT irrigation/views/default/chat.html: 0
[2018-01-29 19:41:11] EDIT irrigation/views/default/chat.html: -1
[2018-01-29 19:44:25] EDIT irrigation/views/default/chat.html: -6
[2018-01-29 19:45:37] EDIT irrigation/views/default/chat.html: -1
[2018-01-29 19:46:53] EDIT irrigation/views/default/chat.html: 0
[2018-01-29 19:47:19] EDIT irrigation/views/default/chat.html: 0
[2018-01-29 19:51:19] EDIT irrigation/views/default/chat.html: 0
[2018-01-29 19:53:49] EDIT irrigation/views/default/chat.html: 0
[2018-01-29 21:12:56] EDIT irrigation/controllers/default.py: 3
[2018-03-22 15:25:05] CREATE plot.py: 0
[2018-03-22 15:34:49] CREATE plot/index.html: 0
[2018-03-22 15:40:07] EDIT irrigation/views/plot/index.html: -2
[2018-03-22 15:50:09] EDIT irrigation/views/plot/index.html: 44
[2018-03-22 15:52:49] EDIT irrigation/views/plot/index.html: 0
[2018-03-22 16:10:01] EDIT irrigation/controllers/plot.py: 6
[2018-03-22 16:15:06] EDIT irrigation/views/plot/index.html: -1
[2018-03-22 16:21:32] EDIT irrigation/controllers/plot.py: 8
[2018-03-22 16:22:00] EDIT irrigation/views/plot/index.html: -15
[2018-03-22 16:24:09] EDIT irrigation/controllers/plot.py: 0
[2018-03-22 16:24:34] EDIT irrigation/controllers/plot.py: 0
[2018-03-22 16:25:52] EDIT irrigation/views/plot/index.html: 0
[2018-03-22 16:26:38] EDIT irrigation/views/plot/index.html: 0
[2018-03-22 16:28:38] EDIT irrigation/controllers/plot.py: 0
[2018-03-22 16:31:50] EDIT irrigation/views/plot/index.html: 0
[2018-03-22 16:31:53] EDIT irrigation/views/plot/index.html: 0
[2018-03-22 16:32:22] EDIT irrigation/views/plot/index.html: 0
[2018-03-22 16:34:10] EDIT irrigation/views/plot/index.html: 0
[2018-03-22 16:34:57] EDIT irrigation/controllers/plot.py: 1
[2018-03-22 16:35:10] EDIT irrigation/views/plot/index.html: 0
[2018-03-22 16:38:40] EDIT irrigation/controllers/plot.py: 1
[2018-03-22 16:41:35] EDIT irrigation/controllers/plot.py: 0
[2018-03-22 16:42:59] EDIT irrigation/controllers/plot.py: 0
[2018-03-22 16:45:41] EDIT irrigation/controllers/plot.py: 0
[2018-03-22 16:45:53] EDIT irrigation/views/plot/index.html: 0
[2018-03-22 16:48:41] EDIT irrigation/controllers/plot.py: 1
[2018-03-22 16:49:05] EDIT irrigation/controllers/plot.py: 0
[2018-03-22 16:51:26] EDIT irrigation/controllers/plot.py: 2
[2018-03-22 16:51:47] EDIT irrigation/controllers/plot.py: 0
[2018-03-22 16:52:55] EDIT irrigation/controllers/plot.py: 0
[2018-03-22 16:53:35] EDIT irrigation/controllers/plot.py: 0
[2018-03-22 16:54:47] EDIT irrigation/controllers/plot.py: 0
[2018-03-22 16:55:52] EDIT irrigation/controllers/plot.py: 0
[2018-03-22 17:00:43] EDIT irrigation/controllers/plot.py: 1
[2018-03-22 17:06:26] EDIT irrigation/controllers/plot.py: 1
[2018-03-22 17:08:19] EDIT irrigation/controllers/plot.py: 0
[2018-03-22 17:10:54] EDIT irrigation/controllers/plot.py: 0
[2018-03-22 17:11:43] EDIT irrigation/views/default/index.html: -2
[2018-03-22 17:17:07] EDIT irrigation/views/plot/index.html: 45
[2018-03-22 17:19:48] EDIT irrigation/views/plot/index.html: 4
[2018-03-22 17:20:26] EDIT irrigation/views/plot/index.html: 0
[2018-03-22 17:22:35] EDIT irrigation/views/plot/index.html: 0
[2018-03-22 17:23:00] EDIT irrigation/views/plot/index.html: 0
[2018-03-22 17:25:48] EDIT irrigation/controllers/plot.py: 1
[2018-03-22 17:26:39] EDIT irrigation/views/plot/index.html: 1
[2018-03-22 17:30:09] EDIT irrigation/views/layout_table.html: 7
[2018-03-22 17:35:40] EDIT irrigation/views/layout_table.html: 5
[2018-03-22 17:36:23] EDIT irrigation/views/layout_table.html: 0
[2018-03-22 17:36:56] EDIT irrigation/views/layout_table.html: 0
[2018-03-22 17:40:34] EDIT irrigation/views/layout_table.html: 0
[2018-03-22 17:43:03] EDIT irrigation/views/layout_table.html: 0
[2018-03-22 17:45:08] EDIT irrigation/views/plot/index.html: 0
[2018-03-22 17:46:09] EDIT irrigation/views/plot/index.html: 0
[2018-03-22 17:49:57] EDIT irrigation/views/plot/index.html: 5
[2018-03-22 17:50:30] EDIT irrigation/views/plot/index.html: 1
[2018-03-22 17:51:41] EDIT irrigation/views/plot/index.html: 0
[2018-03-22 17:51:55] EDIT irrigation/views/plot/index.html: 0
[2018-03-25 15:26:25] EDIT irrigation/views/default/data_set.html: -4
[2018-03-25 15:27:25] EDIT irrigation/views/default/data_set.html: 2
[2018-03-25 15:29:12] EDIT irrigation/views/default/data_set.html: -1
[2018-03-25 15:31:24] EDIT irrigation/views/default/data_set.html: 0
[2018-03-25 16:29:02] EDIT irrigation/controllers/plot.py: -5
[2018-03-25 16:30:03] EDIT irrigation/controllers/plot.py: 0
[2018-03-25 16:31:04] EDIT irrigation/controllers/plot.py: 0
[2018-03-25 16:32:43] EDIT irrigation/controllers/plot.py: 0
[2018-03-25 16:33:04] EDIT irrigation/controllers/plot.py: -2
[2018-03-25 16:34:10] EDIT irrigation/views/plot/index.html: -2
[2018-03-25 16:36:01] EDIT irrigation/controllers/plot.py: 0
[2018-03-25 16:37:22] EDIT irrigation/controllers/plot.py: 0
[2018-03-25 16:37:32] EDIT irrigation/controllers/plot.py: 0
[2018-03-25 16:38:05] EDIT irrigation/controllers/plot.py: 0
[2018-03-25 16:38:26] EDIT irrigation/controllers/plot.py: 0
[2018-03-25 16:41:32] EDIT irrigation/views/layout_table.html: -4
[2018-03-25 17:39:21] EDIT irrigation/controllers/default.py: -3
[2018-03-25 17:40:20] EDIT irrigation/models/db.py: -2
[2018-03-25 17:42:04] EDIT irrigation/models/db.py: 1
[2018-03-25 17:48:07] EDIT irrigation/controllers/plot.py: 9
[2018-03-25 17:48:43] EDIT irrigation/views/plot/index.html: 0
[2018-03-25 17:50:32] EDIT irrigation/views/plot/index.html: 0
[2018-03-25 17:50:58] EDIT irrigation/views/plot/index.html: 0
[2018-03-25 17:51:33] EDIT irrigation/controllers/plot.py: 0
[2018-03-25 17:57:10] EDIT irrigation/controllers/default.py: 0
[2018-03-25 17:58:41] EDIT irrigation/views/default/data_set.html: 0
[2018-03-25 18:00:49] EDIT irrigation/views/layout_table.html: 1
[2018-03-25 18:01:20] EDIT irrigation/views/layout_table.html: 0
[2018-03-25 18:02:45] EDIT irrigation/views/layout_table.html: 0
[2018-03-25 18:03:05] EDIT irrigation/views/layout_table.html: 0
[2018-03-25 18:03:35] EDIT irrigation/views/layout_table.html: -2
[2018-03-25 18:04:13] EDIT irrigation/views/layout_table.html: 0
[2018-03-25 18:04:41] EDIT irrigation/views/layout_table.html: 0
[2018-03-25 18:05:13] EDIT irrigation/views/layout_table.html: 0
[2018-03-25 18:07:09] EDIT irrigation/views/plot/index.html: 0
[2018-03-25 18:09:20] EDIT irrigation/views/plot/index.html: 0
[2018-03-25 18:11:42] EDIT irrigation/views/layout_table.html: 0
[2018-03-25 18:13:06] EDIT irrigation/controllers/plot.py: 1
[2018-03-25 18:15:56] EDIT irrigation/views/layout_table.html: 0
[2018-03-25 18:16:41] EDIT irrigation/views/plot/index.html: 0
[2018-03-25 18:21:12] EDIT irrigation/controllers/default.py: 0
[2018-03-25 18:34:40] EDIT irrigation/controllers/default.py: 0
[2018-03-25 18:35:56] EDIT irrigation/controllers/default.py: 0
[2018-03-25 18:37:54] EDIT irrigation/controllers/default.py: 1
[2018-03-26 17:22:52] EDIT irrigation/controllers/default.py: 3
[2018-03-26 17:23:32] EDIT irrigation/controllers/default.py: 0
[2018-03-26 17:23:52] EDIT irrigation/controllers/default.py: 0
[2018-03-30 16:18:33] EDIT irrigation/controllers/default.py: 0
[2018-03-30 16:19:35] EDIT irrigation/controllers/default.py: 0
[2018-03-30 16:20:21] EDIT irrigation/views/default/units.html: -1
[2018-03-30 16:21:03] EDIT irrigation/controllers/default.py: 0
[2018-03-30 16:23:03] EDIT irrigation/views/default/units.html: -1
[2018-03-30 16:23:40] EDIT irrigation/views/default/units.html: -1
[2018-03-30 16:28:42] EDIT irrigation/controllers/default.py: 0
[2018-03-30 16:37:33] EDIT irrigation/controllers/default.py: 0
[2018-04-02 15:05:18] EDIT irrigation/controllers/plot.py: 2
[2018-04-02 15:18:57] EDIT irrigation/controllers/plot.py: 2
[2018-04-02 15:20:20] EDIT irrigation/controllers/plot.py: 0
[2018-04-02 15:20:44] EDIT irrigation/controllers/plot.py: 0
[2018-04-02 15:22:12] EDIT irrigation/controllers/plot.py: 1
[2018-04-02 15:22:35] EDIT irrigation/controllers/plot.py: 0
[2018-04-02 15:31:10] EDIT irrigation/controllers/plot.py: 3
[2018-04-02 15:35:03] EDIT irrigation/controllers/plot.py: 3
[2018-04-09 16:37:46] EDIT irrigation/controllers/plot.py: -10
[2018-04-09 16:39:56] EDIT irrigation/controllers/plot.py: 0
[2018-04-09 16:40:13] EDIT irrigation/controllers/plot.py: 0
[2018-04-09 16:41:48] EDIT irrigation/controllers/plot.py: 0
[2018-04-09 16:45:30] EDIT irrigation/views/plot/index.html: 1
[2018-04-09 17:01:10] EDIT irrigation/controllers/plot.py: 6
[2018-04-09 17:02:08] EDIT irrigation/views/plot/index.html: 0
[2018-04-09 17:04:06] EDIT irrigation/controllers/plot.py: 0
[2018-04-09 17:05:22] EDIT irrigation/controllers/plot.py: 0
[2018-04-09 17:17:34] EDIT irrigation/views/plot/index.html: 40
[2018-04-09 17:19:06] EDIT irrigation/views/plot/index.html: 0
[2018-04-09 17:19:56] EDIT irrigation/views/plot/index.html: 0
[2018-04-09 17:21:54] EDIT irrigation/views/plot/index.html: 0
[2018-04-09 17:24:44] EDIT irrigation/views/plot/index.html: 0
[2018-04-09 17:27:27] EDIT irrigation/views/plot/index.html: 0
[2018-04-09 17:29:40] EDIT irrigation/controllers/plot.py: 4
[2018-04-09 17:30:33] EDIT irrigation/views/plot/index.html: 0
[2018-04-09 17:31:20] EDIT irrigation/controllers/plot.py: 0
[2018-04-09 17:33:08] EDIT irrigation/views/plot/index.html: 0
[2018-04-09 17:41:49] EDIT irrigation/controllers/plot.py: 0
[2018-04-10 09:00:39] EDIT irrigation/controllers/plot.py: 5
[2018-04-10 09:01:03] CREATE plot/input_data.html: 0
[2018-04-10 09:01:22] EDIT irrigation/views/plot/input_data.html: -2
[2018-04-10 09:01:48] EDIT irrigation/views/plot/input_data.html: 1
[2018-04-10 09:03:16] EDIT irrigation/controllers/plot.py: 1
[2018-04-10 09:05:54] EDIT irrigation/views/plot/input_data.html: -1
[2018-04-10 09:07:15] EDIT irrigation/views/plot/input_data.html: 1
[2018-04-10 09:10:00] EDIT irrigation/views/plot/input_data.html: -1
[2018-04-10 09:10:51] EDIT irrigation/views/plot/input_data.html: 1
[2018-04-10 09:11:11] EDIT irrigation/views/plot/input_data.html: 2
[2018-04-10 09:11:54] EDIT irrigation/views/plot/input_data.html: -2
[2018-04-10 09:12:15] EDIT irrigation/controllers/plot.py: 0
[2018-04-10 09:14:06] EDIT irrigation/views/plot/input_data.html: 2
[2018-04-10 09:37:26] EDIT irrigation/controllers/plot.py: 0
[2018-04-10 09:40:07] EDIT irrigation/controllers/plot.py: -2
[2018-04-10 09:40:37] EDIT irrigation/controllers/plot.py: 2
[2018-04-10 09:41:37] EDIT irrigation/controllers/plot.py: 0
[2018-05-13 17:42:00] EDIT irrigation/controllers/default.py: 3
[2018-05-13 17:43:02] EDIT irrigation/controllers/default.py: 0
[2018-05-13 18:12:52] EDIT irrigation/controllers/default.py: 28
[2018-05-13 18:13:51] EDIT irrigation/controllers/default.py: 0
[2018-05-13 19:33:04] EDIT irrigation/controllers/default.py: 2
[2018-05-13 19:52:56] EDIT irrigation/controllers/default.py: 0
[2018-05-13 19:53:22] CREATE default/phdata.html: 0
[2018-05-13 20:01:13] EDIT irrigation/controllers/default.py: 8
[2018-05-16 15:26:49] EDIT irrigation/controllers/default.py: 0
[2018-05-16 15:28:29] EDIT irrigation/controllers/default.py: 0
[2018-05-16 15:31:09] EDIT irrigation/controllers/default.py: 0
[2018-05-16 15:47:44] EDIT irrigation/controllers/default.py: 0
[2018-06-29 15:47:04] EDIT irrigation/controllers/plot.py: 2
[2018-06-29 15:47:31] CREATE plot/single_node.html: 0
[2018-06-29 15:48:22] CREATE plot/single_node.html: 0
[2018-06-29 15:49:54] EDIT irrigation/views/plot/single_node.html: 121
[2018-06-29 16:27:58] EDIT irrigation/controllers/plot.py: 21
[2018-06-29 16:45:17] EDIT irrigation/controllers/plot.py: 2
[2018-06-29 16:55:06] EDIT irrigation/views/plot/single_node.html: 0
[2018-06-29 16:57:46] EDIT irrigation/views/plot/single_node.html: 1
[2018-06-29 16:58:52] EDIT irrigation/views/plot/single_node.html: 1
[2018-06-29 16:59:43] EDIT irrigation/controllers/plot.py: 0
[2018-06-29 17:00:10] EDIT irrigation/controllers/plot.py: 0
[2018-06-29 17:01:08] EDIT irrigation/controllers/plot.py: 0
[2018-06-29 17:03:12] EDIT irrigation/controllers/plot.py: 0
[2018-06-29 17:04:27] EDIT irrigation/controllers/plot.py: 1
[2018-06-29 17:08:15] EDIT irrigation/controllers/plot.py: 0
[2018-06-29 17:10:34] EDIT irrigation/controllers/plot.py: -1
[2018-06-29 17:12:02] EDIT irrigation/controllers/plot.py: 1
[2018-06-29 17:28:04] EDIT irrigation/views/plot/single_node.html: 1
[2018-06-29 17:29:23] EDIT irrigation/views/plot/single_node.html: -26
[2018-06-29 17:30:28] EDIT irrigation/views/plot/single_node.html: 0
[2018-06-29 17:34:39] EDIT irrigation/views/plot/single_node.html: 16
[2018-06-29 17:39:52] EDIT irrigation/views/plot/single_node.html: 1
[2018-06-29 17:40:37] EDIT irrigation/views/plot/single_node.html: 0
[2018-06-29 17:43:37] EDIT irrigation/views/plot/single_node.html: 1
[2018-06-29 17:44:30] EDIT irrigation/views/plot/single_node.html: 0
[2018-06-29 17:45:16] EDIT irrigation/views/plot/single_node.html: 11
[2018-06-29 17:48:09] EDIT irrigation/views/plot/single_node.html: 2
[2018-06-29 17:48:39] EDIT irrigation/views/plot/single_node.html: -2
[2018-06-29 17:51:27] EDIT irrigation/views/plot/single_node.html: 1
[2018-06-29 17:56:13] EDIT irrigation/views/layout_table.html: 0
[2018-06-29 17:57:11] EDIT irrigation/views/plot/single_node.html: 1
[2018-06-29 17:59:01] EDIT irrigation/views/plot/single_node.html: 7
[2018-06-29 18:01:33] EDIT irrigation/views/plot/single_node.html: 1
[2018-06-29 18:01:43] EDIT irrigation/views/plot/single_node.html: 1
[2018-06-29 18:02:59] EDIT irrigation/views/plot/single_node.html: 0
[2018-06-29 18:08:23] EDIT irrigation/views/plot/single_node.html: 25
[2018-06-29 18:10:10] EDIT irrigation/controllers/plot.py: 2
[2018-06-29 18:10:50] EDIT irrigation/controllers/plot.py: 0
[2018-06-29 18:11:20] CREATE plot/form_data.html: 0
[2018-06-29 18:13:19] EDIT irrigation/views/plot/form_data.html: 1
[2018-06-29 18:13:43] EDIT irrigation/views/plot/form_data.html: 0
[2018-06-29 18:15:47] EDIT irrigation/views/plot/form_data.html: 0
[2018-06-29 18:17:30] EDIT irrigation/views/plot/single_node.html: -2
[2018-06-29 18:18:12] EDIT irrigation/views/plot/single_node.html: 0
[2018-06-29 18:20:13] EDIT irrigation/views/plot/single_node.html: 0
[2018-06-29 18:22:05] EDIT irrigation/views/plot/single_node.html: 1
[2018-06-29 18:24:41] EDIT irrigation/views/plot/single_node.html: 1
[2018-06-29 18:29:11] EDIT irrigation/controllers/plot.py: 7
[2018-06-29 18:30:43] EDIT irrigation/views/plot/single_node.html: -1
[2018-06-29 18:31:20] EDIT irrigation/controllers/plot.py: 0
[2018-06-29 18:39:54] EDIT irrigation/controllers/plot.py: 17
[2018-06-29 18:43:25] EDIT irrigation/controllers/plot.py: -13
[2018-06-29 18:43:45] EDIT irrigation/controllers/plot.py: -1
[2018-06-29 18:44:09] EDIT irrigation/controllers/plot.py: 1
[2018-06-29 18:44:10] EDIT irrigation/controllers/plot.py: 0
[2018-06-29 18:44:16] EDIT irrigation/controllers/plot.py: 0
[2018-06-29 18:44:45] EDIT irrigation/controllers/plot.py: 0
[2018-06-29 18:45:39] EDIT irrigation/controllers/plot.py: -2
[2018-06-29 18:46:20] EDIT irrigation/controllers/plot.py: 0
[2018-06-29 19:00:34] EDIT irrigation/views/plot/single_node.html: 0
[2018-06-29 19:00:36] EDIT irrigation/controllers/plot.py: 5
[2018-06-29 19:02:45] EDIT irrigation/controllers/plot.py: 0
[2018-06-29 19:03:45] EDIT irrigation/controllers/plot.py: -5
[2018-06-29 19:05:00] EDIT irrigation/views/plot/single_node.html: 0
[2018-06-29 19:07:31] EDIT irrigation/controllers/plot.py: 16
[2018-06-29 19:09:30] EDIT irrigation/views/plot/single_node.html: -1
[2018-06-29 19:09:42] EDIT irrigation/views/plot/single_node.html: 0
[2018-06-29 19:24:04] EDIT irrigation/controllers/plot.py: 25
[2018-06-29 19:25:43] EDIT irrigation/views/plot/single_node.html: -22
[2018-06-29 19:27:05] EDIT irrigation/controllers/plot.py: 3
[2018-06-29 19:28:03] EDIT irrigation/views/plot/single_node.html: 0
[2018-06-29 19:30:34] EDIT irrigation/controllers/plot.py: -1
[2018-06-29 19:31:58] EDIT irrigation/controllers/plot.py: -2
[2018-06-29 19:33:08] EDIT irrigation/controllers/plot.py: -1
[2018-06-29 19:38:31] EDIT irrigation/controllers/plot.py: 0
[2018-06-29 19:40:03] EDIT irrigation/controllers/plot.py: 0
[2018-06-29 19:44:33] EDIT irrigation/views/layout_table.html: 2
[2018-09-08 14:20:51] EDIT irrigation/controllers/default.py: -1
[2018-09-08 14:22:34] EDIT irrigation/controllers/default.py: 1
[2018-09-08 14:22:58] EDIT irrigation/controllers/default.py: 0
